2025-11-26 23:27:00,382 - Using proactor: IocpProactor
2025-11-26 23:27:05,771 - Click: Button.left, Pressed: True, Mods: {'shift': False, 'ctrl': False, 'alt': False, 'win': False}, Target: ctrl+right
2025-11-26 23:27:06,667 - Click: Button.left, Pressed: True, Mods: {'shift': False, 'ctrl': False, 'alt': False, 'win': False}, Target: ctrl+right
2025-11-26 23:27:07,299 - Click: Button.left, Pressed: True, Mods: {'shift': False, 'ctrl': False, 'alt': False, 'win': False}, Target: ctrl+right
2025-11-26 23:27:09,787 - Win key pressed: Key.cmd
2025-11-26 23:27:10,103 - Win key released: Key.cmd
2025-11-26 23:27:15,219 - Click: Button.left, Pressed: True, Mods: {'shift': False, 'ctrl': False, 'alt': False, 'win': False}, Target: ctrl+right
2025-11-26 23:27:19,955 - Click: Button.left, Pressed: True, Mods: {'shift': False, 'ctrl': False, 'alt': False, 'win': False}, Target: ctrl+right
2025-11-26 23:27:21,219 - Click: Button.left, Pressed: True, Mods: {'shift': False, 'ctrl': False, 'alt': False, 'win': False}, Target: ctrl+right
2025-11-26 23:27:21,539 - Click: Button.right, Pressed: True, Mods: {'shift': False, 'ctrl': False, 'alt': False, 'win': False}, Target: ctrl+right
2025-11-26 23:27:24,659 - Click: Button.left, Pressed: True, Mods: {'shift': False, 'ctrl': False, 'alt': False, 'win': False}, Target: ctrl+right
2025-11-26 23:27:32,235 - Click: Button.left, Pressed: True, Mods: {'shift': False, 'ctrl': False, 'alt': False, 'win': False}, Target: ctrl+right
2025-11-26 23:27:33,043 - Click: Button.left, Pressed: True, Mods: {'shift': False, 'ctrl': False, 'alt': False, 'win': False}, Target: ctrl+right
2025-11-26 23:27:37,499 - Click: Button.left, Pressed: True, Mods: {'shift': False, 'ctrl': False, 'alt': False, 'win': False}, Target: ctrl+right
2025-11-26 23:27:37,620 - Starting new HTTP connection (1): 127.0.0.1:11434
2025-11-26 23:27:40,935 - http://127.0.0.1:11434 "POST /api/generate HTTP/1.1" 200 None
2025-11-26 23:27:51,507 - Click: Button.left, Pressed: True, Mods: {'shift': False, 'ctrl': False, 'alt': False, 'win': False}, Target: ctrl+right
2025-11-26 23:27:55,259 - Click: Button.left, Pressed: True, Mods: {'shift': False, 'ctrl': False, 'alt': False, 'win': False}, Target: ctrl+right
2025-11-26 23:27:55,339 - Starting new HTTP connection (1): 127.0.0.1:11434
2025-11-26 23:27:56,907 - Click: Button.left, Pressed: True, Mods: {'shift': False, 'ctrl': False, 'alt': False, 'win': False}, Target: ctrl+right
2025-11-26 23:27:57,669 - http://127.0.0.1:11434 "POST /api/generate HTTP/1.1" 200 None
2025-11-26 23:28:05,699 - Click: Button.left, Pressed: True, Mods: {'shift': False, 'ctrl': False, 'alt': False, 'win': False}, Target: ctrl+right
2025-11-26 23:28:07,563 - Click: Button.left, Pressed: True, Mods: {'shift': False, 'ctrl': False, 'alt': False, 'win': False}, Target: ctrl+right
2025-11-26 23:28:08,539 - Click: Button.left, Pressed: True, Mods: {'shift': False, 'ctrl': False, 'alt': False, 'win': False}, Target: ctrl+right
2025-11-26 23:28:11,043 - Click: Button.left, Pressed: True, Mods: {'shift': False, 'ctrl': False, 'alt': False, 'win': False}, Target: ctrl+right
2025-11-26 23:28:11,163 - Starting new HTTP connection (1): 127.0.0.1:11434
2025-11-26 23:28:13,707 - http://127.0.0.1:11434 "POST /api/generate HTTP/1.1" 200 None
2025-11-26 23:28:17,163 - Click: Button.left, Pressed: True, Mods: {'shift': False, 'ctrl': False, 'alt': False, 'win': False}, Target: ctrl+right
2025-11-26 23:28:24,187 - Click: Button.left, Pressed: True, Mods: {'shift': False, 'ctrl': False, 'alt': False, 'win': False}, Target: ctrl+right
2025-11-26 23:28:24,332 - Starting new HTTP connection (1): 127.0.0.1:11434
2025-11-26 23:28:26,527 - http://127.0.0.1:11434 "POST /api/generate HTTP/1.1" 200 None
2025-11-26 23:28:38,187 - Click: Button.left, Pressed: True, Mods: {'shift': False, 'ctrl': False, 'alt': False, 'win': False}, Target: ctrl+right
2025-11-26 23:28:41,611 - Click: Button.left, Pressed: True, Mods: {'shift': False, 'ctrl': False, 'alt': False, 'win': False}, Target: ctrl+right
2025-11-26 23:28:42,771 - Click: Button.left, Pressed: True, Mods: {'shift': False, 'ctrl': False, 'alt': False, 'win': False}, Target: ctrl+right
2025-11-26 23:28:55,203 - Click: Button.left, Pressed: True, Mods: {'shift': False, 'ctrl': False, 'alt': False, 'win': False}, Target: ctrl+right
2025-11-26 23:28:55,359 - Starting new HTTP connection (1): 127.0.0.1:11434
2025-11-26 23:28:57,824 - http://127.0.0.1:11434 "POST /api/generate HTTP/1.1" 200 None
2025-11-26 23:29:17,539 - Click: Button.left, Pressed: True, Mods: {'shift': False, 'ctrl': False, 'alt': False, 'win': False}, Target: ctrl+right
2025-11-26 23:29:19,051 - Click: Button.left, Pressed: True, Mods: {'shift': False, 'ctrl': False, 'alt': False, 'win': False}, Target: ctrl+right
2025-11-26 23:29:21,467 - Click: Button.left, Pressed: True, Mods: {'shift': False, 'ctrl': False, 'alt': False, 'win': False}, Target: ctrl+right
2025-11-26 23:29:23,379 - Click: Button.right, Pressed: True, Mods: {'shift': False, 'ctrl': False, 'alt': False, 'win': False}, Target: ctrl+right
2025-11-26 23:29:24,203 - Click: Button.left, Pressed: True, Mods: {'shift': False, 'ctrl': False, 'alt': False, 'win': False}, Target: ctrl+right
2025-11-26 23:29:25,819 - Click: Button.left, Pressed: True, Mods: {'shift': False, 'ctrl': False, 'alt': False, 'win': False}, Target: ctrl+right
2025-11-26 23:29:31,475 - Click: Button.left, Pressed: True, Mods: {'shift': False, 'ctrl': False, 'alt': False, 'win': False}, Target: ctrl+right
2025-11-26 23:29:31,578 - Starting new HTTP connection (1): 127.0.0.1:11434
2025-11-26 23:29:33,595 - http://127.0.0.1:11434 "POST /api/generate HTTP/1.1" 200 None
2025-11-26 23:29:46,811 - Click: Button.left, Pressed: True, Mods: {'shift': False, 'ctrl': False, 'alt': False, 'win': False}, Target: ctrl+right
2025-11-26 23:29:47,627 - Click: Button.left, Pressed: True, Mods: {'shift': False, 'ctrl': False, 'alt': False, 'win': False}, Target: ctrl+right
2025-11-26 23:29:51,076 - Click: Button.right, Pressed: True, Mods: {'shift': False, 'ctrl': False, 'alt': False, 'win': False}, Target: ctrl+right
2025-11-26 23:29:53,427 - Click: Button.left, Pressed: True, Mods: {'shift': False, 'ctrl': False, 'alt': False, 'win': False}, Target: ctrl+right
2025-11-26 23:29:55,059 - Click: Button.right, Pressed: True, Mods: {'shift': False, 'ctrl': False, 'alt': False, 'win': False}, Target: ctrl+right
2025-11-26 23:29:56,307 - Click: Button.right, Pressed: True, Mods: {'shift': False, 'ctrl': False, 'alt': False, 'win': False}, Target: ctrl+right
2025-11-26 23:29:57,091 - Click: Button.left, Pressed: True, Mods: {'shift': False, 'ctrl': False, 'alt': False, 'win': False}, Target: ctrl+right
2025-11-26 23:29:58,139 - Click: Button.left, Pressed: True, Mods: {'shift': False, 'ctrl': False, 'alt': False, 'win': False}, Target: ctrl+right
2025-11-26 23:30:00,595 - Click: Button.left, Pressed: True, Mods: {'shift': False, 'ctrl': False, 'alt': False, 'win': False}, Target: ctrl+right
2025-11-26 23:30:01,739 - Click: Button.left, Pressed: True, Mods: {'shift': False, 'ctrl': False, 'alt': False, 'win': False}, Target: ctrl+right
2025-11-26 23:30:03,875 - Click: Button.left, Pressed: True, Mods: {'shift': False, 'ctrl': False, 'alt': False, 'win': False}, Target: ctrl+right
2025-11-26 23:30:04,651 - Click: Button.right, Pressed: True, Mods: {'shift': False, 'ctrl': False, 'alt': False, 'win': False}, Target: ctrl+right
2025-11-26 23:30:06,107 - Click: Button.left, Pressed: True, Mods: {'shift': False, 'ctrl': False, 'alt': False, 'win': False}, Target: ctrl+right
2025-11-26 23:30:07,315 - Click: Button.right, Pressed: True, Mods: {'shift': False, 'ctrl': False, 'alt': False, 'win': False}, Target: ctrl+right
2025-11-26 23:30:08,868 - Click: Button.left, Pressed: True, Mods: {'shift': False, 'ctrl': False, 'alt': False, 'win': False}, Target: ctrl+right
2025-11-26 23:30:12,891 - Click: Button.right, Pressed: True, Mods: {'shift': False, 'ctrl': False, 'alt': False, 'win': False}, Target: ctrl+right
2025-11-26 23:30:14,051 - Click: Button.left, Pressed: True, Mods: {'shift': False, 'ctrl': False, 'alt': False, 'win': False}, Target: ctrl+right
2025-11-26 23:30:14,947 - Click: Button.left, Pressed: True, Mods: {'shift': False, 'ctrl': False, 'alt': False, 'win': False}, Target: ctrl+right
2025-11-26 23:30:15,651 - Click: Button.right, Pressed: True, Mods: {'shift': False, 'ctrl': False, 'alt': False, 'win': False}, Target: ctrl+right
2025-11-26 23:30:17,091 - Click: Button.left, Pressed: True, Mods: {'shift': False, 'ctrl': False, 'alt': False, 'win': False}, Target: ctrl+right
2025-11-26 23:30:18,859 - Click: Button.left, Pressed: True, Mods: {'shift': False, 'ctrl': False, 'alt': False, 'win': False}, Target: ctrl+right
2025-11-26 23:30:20,651 - Click: Button.left, Pressed: True, Mods: {'shift': False, 'ctrl': False, 'alt': False, 'win': False}, Target: ctrl+right
2025-11-26 23:30:24,051 - Click: Button.left, Pressed: True, Mods: {'shift': False, 'ctrl': False, 'alt': False, 'win': False}, Target: ctrl+right
2025-11-26 23:30:27,331 - Click: Button.left, Pressed: True, Mods: {'shift': False, 'ctrl': False, 'alt': False, 'win': False}, Target: ctrl+right
2025-11-26 23:30:28,763 - Click: Button.left, Pressed: True, Mods: {'shift': False, 'ctrl': False, 'alt': False, 'win': False}, Target: ctrl+right
2025-11-26 23:30:30,835 - Click: Button.left, Pressed: True, Mods: {'shift': False, 'ctrl': False, 'alt': False, 'win': False}, Target: ctrl+right
2025-11-26 23:30:32,323 - Click: Button.left, Pressed: True, Mods: {'shift': False, 'ctrl': False, 'alt': False, 'win': False}, Target: ctrl+right
2025-11-26 23:30:34,588 - Click: Button.left, Pressed: True, Mods: {'shift': False, 'ctrl': False, 'alt': False, 'win': False}, Target: ctrl+right
2025-11-26 23:30:36,588 - Click: Button.right, Pressed: True, Mods: {'shift': False, 'ctrl': False, 'alt': False, 'win': False}, Target: ctrl+right
2025-11-26 23:30:39,587 - Click: Button.left, Pressed: True, Mods: {'shift': False, 'ctrl': False, 'alt': False, 'win': False}, Target: ctrl+right
2025-11-26 23:30:40,107 - Click: Button.left, Pressed: True, Mods: {'shift': False, 'ctrl': False, 'alt': False, 'win': False}, Target: ctrl+right
2025-11-26 23:30:40,707 - Click: Button.left, Pressed: True, Mods: {'shift': False, 'ctrl': False, 'alt': False, 'win': False}, Target: ctrl+right
2025-11-26 23:30:40,963 - Click: Button.left, Pressed: True, Mods: {'shift': False, 'ctrl': False, 'alt': False, 'win': False}, Target: ctrl+right
2025-11-26 23:30:41,484 - Click: Button.right, Pressed: True, Mods: {'shift': False, 'ctrl': False, 'alt': False, 'win': False}, Target: ctrl+right
2025-11-26 23:30:42,923 - Click: Button.left, Pressed: True, Mods: {'shift': False, 'ctrl': False, 'alt': False, 'win': False}, Target: ctrl+right
2025-11-26 23:30:44,292 - Click: Button.right, Pressed: True, Mods: {'shift': False, 'ctrl': False, 'alt': False, 'win': False}, Target: ctrl+right
2025-11-26 23:30:45,260 - Click: Button.right, Pressed: True, Mods: {'shift': False, 'ctrl': False, 'alt': False, 'win': False}, Target: ctrl+right
2025-11-26 23:30:46,579 - Click: Button.left, Pressed: True, Mods: {'shift': False, 'ctrl': False, 'alt': False, 'win': False}, Target: ctrl+right
2025-11-26 23:30:47,371 - Click: Button.left, Pressed: True, Mods: {'shift': False, 'ctrl': False, 'alt': False, 'win': False}, Target: ctrl+right
2025-11-26 23:30:48,107 - Click: Button.right, Pressed: True, Mods: {'shift': False, 'ctrl': False, 'alt': False, 'win': False}, Target: ctrl+right
2025-11-26 23:30:49,755 - Click: Button.left, Pressed: True, Mods: {'shift': False, 'ctrl': False, 'alt': False, 'win': False}, Target: ctrl+right
2025-11-26 23:30:51,459 - Click: Button.right, Pressed: True, Mods: {'shift': False, 'ctrl': False, 'alt': False, 'win': False}, Target: ctrl+right
2025-11-26 23:30:52,347 - Click: Button.right, Pressed: True, Mods: {'shift': False, 'ctrl': False, 'alt': False, 'win': False}, Target: ctrl+right
2025-11-26 23:30:52,883 - Click: Button.left, Pressed: True, Mods: {'shift': False, 'ctrl': False, 'alt': False, 'win': False}, Target: ctrl+right
2025-11-26 23:30:53,699 - Click: Button.left, Pressed: True, Mods: {'shift': False, 'ctrl': False, 'alt': False, 'win': False}, Target: ctrl+right
2025-11-26 23:30:55,043 - Click: Button.left, Pressed: True, Mods: {'shift': False, 'ctrl': False, 'alt': False, 'win': False}, Target: ctrl+right
2025-11-26 23:30:56,107 - Click: Button.left, Pressed: True, Mods: {'shift': False, 'ctrl': False, 'alt': False, 'win': False}, Target: ctrl+right
2025-11-26 23:30:56,907 - Click: Button.left, Pressed: True, Mods: {'shift': False, 'ctrl': False, 'alt': False, 'win': False}, Target: ctrl+right
2025-11-26 23:30:58,547 - Click: Button.left, Pressed: True, Mods: {'shift': False, 'ctrl': False, 'alt': False, 'win': False}, Target: ctrl+right
2025-11-26 23:30:59,315 - Click: Button.left, Pressed: True, Mods: {'shift': False, 'ctrl': False, 'alt': False, 'win': False}, Target: ctrl+right
2025-11-26 23:31:00,555 - Click: Button.left, Pressed: True, Mods: {'shift': False, 'ctrl': False, 'alt': False, 'win': False}, Target: ctrl+right
2025-11-26 23:31:00,988 - Click: Button.left, Pressed: True, Mods: {'shift': False, 'ctrl': False, 'alt': False, 'win': False}, Target: ctrl+right
2025-11-26 23:31:03,193 - Click: Button.left, Pressed: True, Mods: {'shift': False, 'ctrl': False, 'alt': False, 'win': False}, Target: ctrl+right
2025-11-26 23:31:03,198 - Click: Button.left, Pressed: True, Mods: {'shift': False, 'ctrl': False, 'alt': False, 'win': False}, Target: ctrl+right
2025-11-26 23:31:05,171 - Click: Button.left, Pressed: True, Mods: {'shift': False, 'ctrl': False, 'alt': False, 'win': False}, Target: ctrl+right
2025-11-26 23:31:06,377 - Click: Button.left, Pressed: True, Mods: {'shift': False, 'ctrl': False, 'alt': False, 'win': False}, Target: ctrl+right
2025-11-26 23:31:06,393 - Click: Button.left, Pressed: True, Mods: {'shift': False, 'ctrl': False, 'alt': False, 'win': False}, Target: ctrl+right
2025-11-26 23:31:07,125 - Click: Button.left, Pressed: True, Mods: {'shift': False, 'ctrl': False, 'alt': False, 'win': False}, Target: ctrl+right
2025-11-26 23:31:07,126 - Click: Button.left, Pressed: True, Mods: {'shift': False, 'ctrl': False, 'alt': False, 'win': False}, Target: ctrl+right
2025-11-26 23:31:08,995 - Click: Button.left, Pressed: True, Mods: {'shift': False, 'ctrl': False, 'alt': False, 'win': False}, Target: ctrl+right
2025-11-26 23:31:11,195 - Click: Button.left, Pressed: True, Mods: {'shift': False, 'ctrl': False, 'alt': False, 'win': False}, Target: ctrl+right
2025-11-26 23:31:12,276 - Click: Button.left, Pressed: True, Mods: {'shift': False, 'ctrl': False, 'alt': False, 'win': False}, Target: ctrl+right
2025-11-26 23:31:12,380 - Starting new HTTP connection (1): 127.0.0.1:1234
2025-11-26 23:31:24,027 - Click: Button.left, Pressed: True, Mods: {'shift': False, 'ctrl': False, 'alt': False, 'win': False}, Target: ctrl+right
2025-11-26 23:31:25,931 - Click: Button.right, Pressed: True, Mods: {'shift': False, 'ctrl': False, 'alt': False, 'win': False}, Target: ctrl+right
2025-11-26 23:31:27,907 - Click: Button.left, Pressed: True, Mods: {'shift': False, 'ctrl': False, 'alt': False, 'win': False}, Target: ctrl+right
2025-11-26 23:31:29,587 - Click: Button.left, Pressed: True, Mods: {'shift': False, 'ctrl': False, 'alt': False, 'win': False}, Target: ctrl+right
2025-11-26 23:31:30,411 - Click: Button.left, Pressed: True, Mods: {'shift': False, 'ctrl': False, 'alt': False, 'win': False}, Target: ctrl+right
2025-11-26 23:31:31,236 - Click: Button.left, Pressed: True, Mods: {'shift': False, 'ctrl': False, 'alt': False, 'win': False}, Target: ctrl+right
2025-11-26 23:31:32,826 - Click: Button.left, Pressed: True, Mods: {'shift': False, 'ctrl': False, 'alt': False, 'win': False}, Target: ctrl+right
2025-11-26 23:31:32,829 - Click: Button.left, Pressed: True, Mods: {'shift': False, 'ctrl': False, 'alt': False, 'win': False}, Target: ctrl+right
2025-11-26 23:31:35,508 - Click: Button.left, Pressed: True, Mods: {'shift': False, 'ctrl': False, 'alt': False, 'win': False}, Target: ctrl+right
2025-11-26 23:31:37,108 - Click: Button.left, Pressed: True, Mods: {'shift': False, 'ctrl': False, 'alt': False, 'win': False}, Target: ctrl+right
2025-11-26 23:31:37,124 - Click: Button.left, Pressed: True, Mods: {'shift': False, 'ctrl': False, 'alt': False, 'win': False}, Target: ctrl+right
2025-11-26 23:31:38,131 - Click: Button.left, Pressed: True, Mods: {'shift': False, 'ctrl': False, 'alt': False, 'win': False}, Target: ctrl+right
2025-11-26 23:31:38,241 - Starting new HTTP connection (1): 127.0.0.1:11434
2025-11-26 23:31:39,368 - http://127.0.0.1:11434 "POST /api/generate HTTP/1.1" 200 None
2025-11-26 23:31:45,563 - Click: Button.left, Pressed: True, Mods: {'shift': False, 'ctrl': False, 'alt': False, 'win': False}, Target: ctrl+right
2025-11-26 23:31:46,627 - Click: Button.left, Pressed: True, Mods: {'shift': False, 'ctrl': False, 'alt': False, 'win': False}, Target: ctrl+right
2025-11-26 23:31:48,355 - Click: Button.left, Pressed: True, Mods: {'shift': False, 'ctrl': False, 'alt': False, 'win': False}, Target: ctrl+right
2025-11-26 23:31:49,555 - Click: Button.left, Pressed: True, Mods: {'shift': False, 'ctrl': False, 'alt': False, 'win': False}, Target: ctrl+right
2025-11-26 23:31:50,691 - Click: Button.left, Pressed: True, Mods: {'shift': False, 'ctrl': False, 'alt': False, 'win': False}, Target: ctrl+right
2025-11-26 23:31:51,611 - Click: Button.left, Pressed: True, Mods: {'shift': False, 'ctrl': False, 'alt': False, 'win': False}, Target: ctrl+right
2025-11-26 23:31:52,107 - Click: Button.left, Pressed: True, Mods: {'shift': False, 'ctrl': False, 'alt': False, 'win': False}, Target: ctrl+right
2025-11-26 23:31:52,307 - Click: Button.left, Pressed: True, Mods: {'shift': False, 'ctrl': False, 'alt': False, 'win': False}, Target: ctrl+right
2025-11-26 23:31:52,691 - Click: Button.left, Pressed: True, Mods: {'shift': False, 'ctrl': False, 'alt': False, 'win': False}, Target: ctrl+right
2025-11-26 23:31:59,587 - Click: Button.left, Pressed: True, Mods: {'shift': False, 'ctrl': False, 'alt': False, 'win': False}, Target: ctrl+right
2025-11-26 23:32:01,179 - Click: Button.left, Pressed: True, Mods: {'shift': False, 'ctrl': False, 'alt': False, 'win': False}, Target: ctrl+right
2025-11-26 23:32:01,811 - Click: Button.left, Pressed: True, Mods: {'shift': False, 'ctrl': False, 'alt': False, 'win': False}, Target: ctrl+right
2025-11-26 23:32:03,741 - Click: Button.left, Pressed: True, Mods: {'shift': False, 'ctrl': False, 'alt': False, 'win': False}, Target: ctrl+right
2025-11-26 23:32:03,758 - Click: Button.left, Pressed: True, Mods: {'shift': False, 'ctrl': False, 'alt': False, 'win': False}, Target: ctrl+right
2025-11-26 23:32:05,707 - Click: Button.left, Pressed: True, Mods: {'shift': False, 'ctrl': False, 'alt': False, 'win': False}, Target: ctrl+right
2025-11-26 23:32:07,424 - Click: Button.left, Pressed: True, Mods: {'shift': False, 'ctrl': False, 'alt': False, 'win': False}, Target: ctrl+right
2025-11-26 23:32:07,425 - Click: Button.left, Pressed: True, Mods: {'shift': False, 'ctrl': False, 'alt': False, 'win': False}, Target: ctrl+right
2025-11-26 23:32:09,224 - Click: Button.left, Pressed: True, Mods: {'shift': False, 'ctrl': False, 'alt': False, 'win': False}, Target: ctrl+right
2025-11-26 23:32:09,225 - Click: Button.left, Pressed: True, Mods: {'shift': False, 'ctrl': False, 'alt': False, 'win': False}, Target: ctrl+right
2025-11-26 23:32:11,059 - Click: Button.left, Pressed: True, Mods: {'shift': False, 'ctrl': False, 'alt': False, 'win': False}, Target: ctrl+right
2025-11-26 23:32:11,194 - Starting new HTTP connection (1): 127.0.0.1:11434
2025-11-26 23:32:12,539 - http://127.0.0.1:11434 "POST /api/generate HTTP/1.1" 200 1624
2025-11-26 23:32:19,587 - Click: Button.left, Pressed: True, Mods: {'shift': False, 'ctrl': False, 'alt': False, 'win': False}, Target: ctrl+right
2025-11-26 23:32:20,227 - Click: Button.left, Pressed: True, Mods: {'shift': False, 'ctrl': False, 'alt': False, 'win': False}, Target: ctrl+right
2025-11-26 23:32:21,812 - Click: Button.left, Pressed: True, Mods: {'shift': False, 'ctrl': False, 'alt': False, 'win': False}, Target: ctrl+right
2025-11-26 23:32:23,483 - Click: Button.left, Pressed: True, Mods: {'shift': False, 'ctrl': False, 'alt': False, 'win': False}, Target: ctrl+right
2025-11-26 23:32:25,619 - Click: Button.right, Pressed: True, Mods: {'shift': False, 'ctrl': False, 'alt': False, 'win': False}, Target: ctrl+right
2025-11-26 23:32:26,763 - Click: Button.left, Pressed: True, Mods: {'shift': False, 'ctrl': False, 'alt': False, 'win': False}, Target: ctrl+right
